(N) 2021-03-31T20:21:22 - qBittorrent v4.3.3 已启动
(N) 2021-03-31T20:21:22 - 当前运行在便携模式下。自动检测配置文件夹于：C:/Users/ADMINI~1/AppData/Local/Temp/qBittorrent/profile
(I) 2021-03-31T20:21:22 - 尝试监听：0.0.0.0:14739,[::]:14739
(N) 2021-03-31T20:21:22 - Peer ID：-qB4330-
(N) 2021-03-31T20:21:22 - HTTP User-Agent 为 'qBittorrent/4.3.3'
(I) 2021-03-31T20:21:22 - DHT 支持 [关闭]
(I) 2021-03-31T20:21:22 - 本地用户发现支持 [开启]
(I) 2021-03-31T20:21:22 - PeX 支持 [关闭]
(I) 2021-03-31T20:21:22 - 匿名模式 [关闭]
(I) 2021-03-31T20:21:22 - 加密支持 [开启]
(I) 2021-03-31T20:21:22 - 内置 tracker：正在监听 IP：0.0.0.0，端口：9000
(I) 2021-03-31T20:21:22 - IP 地理数据库已加载。类型：DBIP-Country-Lite。构建时间：周一 3月 1 09:01:04 2021。
(N) 2021-03-31T20:21:22 - 使用内置 Web UI。
(N) 2021-03-31T20:21:22 - 已成功加载所选地区 (zh) 的 Web UI 翻译。
(N) 2021-03-31T20:21:22 - Web UI：正在监听 IP：*，端口：8080
(N) 2021-03-31T20:21:23 - 选项保存成功。
(I) 2021-03-31T20:21:24 - 成功监听 IP：192.168.11.242，端口：TCP/14739
(I) 2021-03-31T20:21:24 - 成功监听 IP：192.168.11.242，端口：UDP/14739
(I) 2021-03-31T20:21:24 - 成功监听 IP：192.168.192.242，端口：TCP/14739
(I) 2021-03-31T20:21:24 - 成功监听 IP：192.168.192.242，端口：UDP/14739
(I) 2021-03-31T20:21:24 - 成功监听 IP：127.0.0.1，端口：TCP/14739
(I) 2021-03-31T20:21:24 - 成功监听 IP：127.0.0.1，端口：UDP/14739
(I) 2021-03-31T20:21:24 - 成功监听 IP：fe80::d0d6:72c7:6ef4:ea48%17，端口：TCP/14739
(I) 2021-03-31T20:21:24 - 成功监听 IP：fe80::d0d6:72c7:6ef4:ea48%17，端口：UDP/14739
(I) 2021-03-31T20:21:24 - 成功监听 IP：fcb1:d807:f30e:b8b3:5919::1，端口：TCP/14739
(I) 2021-03-31T20:21:24 - 成功监听 IP：fcb1:d807:f30e:b8b3:5919::1，端口：UDP/14739
(I) 2021-03-31T20:21:24 - 成功监听 IP：fd83:48a:632:dc8d:f599:930e:b8b3:5919，端口：TCP/14739
(I) 2021-03-31T20:21:24 - 成功监听 IP：fd83:48a:632:dc8d:f599:930e:b8b3:5919，端口：UDP/14739
(I) 2021-03-31T20:21:24 - 成功监听 IP：fe80::997b:7a35:1925:c6d7%11，端口：TCP/14739
(I) 2021-03-31T20:21:24 - 成功监听 IP：fe80::997b:7a35:1925:c6d7%11，端口：UDP/14739
(I) 2021-03-31T20:21:24 - 成功监听 IP：::1，端口：TCP/14739
(I) 2021-03-31T20:21:24 - 成功监听 IP：::1，端口：UDP/14739
(I) 2021-03-31T20:21:24 - 成功监听 IP：2001:0:348b:fb58:2c76:57d:c344:1611，端口：TCP/14739
(I) 2021-03-31T20:21:24 - 成功监听 IP：2001:0:348b:fb58:2c76:57d:c344:1611，端口：UDP/14739
(I) 2021-03-31T20:21:24 - 成功监听 IP：fe80::2c76:57d:c344:1611%12，端口：TCP/14739
(I) 2021-03-31T20:21:24 - 成功监听 IP：fe80::2c76:57d:c344:1611%12，端口：UDP/14739
(I) 2021-03-31T20:21:58 - 成功监听 IP：2001:0:348b:fb58:2c76:57d:c344:1611，端口：TCP/14739
(I) 2021-03-31T20:21:58 - 成功监听 IP：2001:0:348b:fb58:2c76:57d:c344:1611，端口：UDP/14739
(I) 2021-03-31T20:21:58 - 成功监听 IP：fe80::2c76:57d:c344:1611%12，端口：TCP/14739
(I) 2021-03-31T20:21:58 - 成功监听 IP：fe80::2c76:57d:c344:1611%12，端口：UDP/14739
(I) 2021-03-31T20:22:00 - UPnP / NAT-PMP 支持 [关闭]
